<?xml version="1.0" encoding="UTF-8"?>
<testng-results skipped="0" failed="0" ignored="0" total="1" passed="1">
  <reporter-output>
  </reporter-output>
  <suite name="Suite" duration-ms="12326" started-at="2019-05-09T05:50:09Z" finished-at="2019-05-09T05:50:21Z">
    <groups>
    </groups>
    <test name="Test" duration-ms="12326" started-at="2019-05-09T05:50:09Z" finished-at="2019-05-09T05:50:21Z">
      <class name="com.package1.Test1">
        <test-method status="PASS" signature="beforeTest()[pri:0, instance:com.package1.Test1@685cb137]" name="beforeTest" is-config="true" duration-ms="4991" started-at="2019-05-09T05:50:09Z" finished-at="2019-05-09T05:50:14Z">
          <reporter-output>
          </reporter-output>
        </test-method> <!-- beforeTest -->
        <test-method status="PASS" signature="testEasy()[pri:0, instance:com.package1.Test1@685cb137]" name="testEasy" duration-ms="5926" started-at="2019-05-09T05:50:14Z" finished-at="2019-05-09T05:50:20Z">
          <reporter-output>
          </reporter-output>
        </test-method> <!-- testEasy -->
        <test-method status="PASS" signature="afterTest()[pri:0, instance:com.package1.Test1@685cb137]" name="afterTest" is-config="true" duration-ms="1375" started-at="2019-05-09T05:50:20Z" finished-at="2019-05-09T05:50:21Z">
          <reporter-output>
          </reporter-output>
        </test-method> <!-- afterTest -->
      </class> <!-- com.package1.Test1 -->
    </test> <!-- Test -->
  </suite> <!-- Suite -->
</testng-results>
